2024-05-20 18:17:49,270 - DEBUG - Looking up time zone info from registry
2024-05-20 18:17:49,288 - DEBUG - Trying paths: ['C:\\Users\\dell\\.docker\\config.json', 'C:\\Users\\dell\\.dockercfg']
2024-05-20 18:17:49,289 - DEBUG - Found file at path: C:\Users\dell\.docker\config.json
2024-05-20 18:17:49,301 - DEBUG - Found 'credsStore' section
2024-05-20 18:18:57,755 - DEBUG - Looking up time zone info from registry
2024-05-20 18:18:57,759 - DEBUG - Trying paths: ['C:\\Users\\dell\\.docker\\config.json', 'C:\\Users\\dell\\.dockercfg']
2024-05-20 18:18:57,760 - DEBUG - Found file at path: C:\Users\dell\.docker\config.json
2024-05-20 18:18:57,760 - DEBUG - Found 'credsStore' section
2024-05-20 18:18:57,774 - DEBUG - http://localhost:None "GET /version HTTP/1.1" 200 None
2024-05-20 18:18:57,846 - INFO - Scheduler started
2024-05-20 18:18:57,847 - DEBUG - Looking for jobs to run
2024-05-20 18:18:57,848 - DEBUG - No jobs; waiting until a job is added
2024-05-20 18:18:57,877 - INFO - [31m[1mWARNING: This is a development server. Do not use it in a production deployment. Use a production WSGI server instead.[0m
 * Running on all addresses (0.0.0.0)
 * Running on http://127.0.0.1:5000
 * Running on http://192.168.43.143:5000
2024-05-20 18:18:57,879 - INFO - [33mPress CTRL+C to quit[0m
2024-05-20 18:18:57,882 - INFO -  * Restarting with stat
2024-05-20 18:18:58,485 - DEBUG - Looking up time zone info from registry
2024-05-20 18:18:58,489 - DEBUG - Trying paths: ['C:\\Users\\dell\\.docker\\config.json', 'C:\\Users\\dell\\.dockercfg']
2024-05-20 18:18:58,490 - DEBUG - Found file at path: C:\Users\dell\.docker\config.json
2024-05-20 18:18:58,490 - DEBUG - Found 'credsStore' section
2024-05-20 18:18:58,505 - DEBUG - http://localhost:None "GET /version HTTP/1.1" 200 None
2024-05-20 18:18:58,520 - INFO - Scheduler started
2024-05-20 18:18:58,521 - DEBUG - Looking for jobs to run
2024-05-20 18:18:58,521 - DEBUG - No jobs; waiting until a job is added
2024-05-20 18:18:58,531 - WARNING -  * Debugger is active!
2024-05-20 18:18:58,535 - INFO -  * Debugger PIN: 110-732-640
2024-05-20 18:20:44,878 - INFO -  * Detected change in 'C:\\Users\\dell\\Documents\\GitHub\\Hiring-software-engineer-backend\\app\\docker_utils.py', reloading
2024-05-20 18:20:45,004 - INFO -  * Restarting with stat
2024-05-20 18:20:45,647 - DEBUG - Looking up time zone info from registry
2024-05-20 18:20:45,651 - DEBUG - Trying paths: ['C:\\Users\\dell\\.docker\\config.json', 'C:\\Users\\dell\\.dockercfg']
2024-05-20 18:20:45,651 - DEBUG - Found file at path: C:\Users\dell\.docker\config.json
2024-05-20 18:20:45,651 - DEBUG - Found 'credsStore' section
2024-05-20 18:20:45,666 - DEBUG - http://localhost:None "GET /version HTTP/1.1" 200 None
2024-05-20 18:20:45,699 - INFO - Scheduler started
2024-05-20 18:20:45,700 - DEBUG - Looking for jobs to run
2024-05-20 18:20:45,701 - DEBUG - No jobs; waiting until a job is added
2024-05-20 18:20:45,709 - WARNING -  * Debugger is active!
2024-05-20 18:20:45,713 - INFO -  * Debugger PIN: 110-732-640
2024-05-20 18:28:07,746 - DEBUG - Looking up time zone info from registry
2024-05-20 18:28:07,750 - DEBUG - Trying paths: ['C:\\Users\\dell\\.docker\\config.json', 'C:\\Users\\dell\\.dockercfg']
2024-05-20 18:28:07,750 - DEBUG - Found file at path: C:\Users\dell\.docker\config.json
2024-05-20 18:28:07,751 - DEBUG - Found 'credsStore' section
2024-05-20 18:28:07,754 - DEBUG - http://localhost:None "GET /version HTTP/1.1" 200 863
2024-05-20 18:28:07,780 - INFO - Scheduler started
2024-05-20 18:28:07,781 - DEBUG - Looking for jobs to run
2024-05-20 18:28:07,782 - DEBUG - No jobs; waiting until a job is added
2024-05-20 18:28:07,803 - INFO - [31m[1mWARNING: This is a development server. Do not use it in a production deployment. Use a production WSGI server instead.[0m
 * Running on all addresses (0.0.0.0)
 * Running on http://127.0.0.1:5000
 * Running on http://192.168.43.143:5000
2024-05-20 18:28:07,803 - INFO - [33mPress CTRL+C to quit[0m
2024-05-20 18:28:07,806 - INFO -  * Restarting with stat
2024-05-20 18:28:08,447 - DEBUG - Looking up time zone info from registry
2024-05-20 18:28:08,450 - DEBUG - Trying paths: ['C:\\Users\\dell\\.docker\\config.json', 'C:\\Users\\dell\\.dockercfg']
2024-05-20 18:28:08,450 - DEBUG - Found file at path: C:\Users\dell\.docker\config.json
2024-05-20 18:28:08,451 - DEBUG - Found 'credsStore' section
2024-05-20 18:28:08,454 - DEBUG - http://localhost:None "GET /version HTTP/1.1" 200 863
2024-05-20 18:28:08,465 - INFO - Scheduler started
2024-05-20 18:28:08,466 - DEBUG - Looking for jobs to run
2024-05-20 18:28:08,466 - DEBUG - No jobs; waiting until a job is added
2024-05-20 18:28:08,473 - WARNING -  * Debugger is active!
2024-05-20 18:28:08,478 - INFO -  * Debugger PIN: 110-732-640
2024-05-20 18:29:00,153 - INFO -  * Detected change in 'C:\\Users\\dell\\Documents\\GitHub\\Hiring-software-engineer-backend\\config.py', reloading
2024-05-20 18:29:00,277 - INFO -  * Restarting with stat
2024-05-20 18:29:00,911 - DEBUG - Looking up time zone info from registry
2024-05-20 18:29:00,915 - DEBUG - Trying paths: ['C:\\Users\\dell\\.docker\\config.json', 'C:\\Users\\dell\\.dockercfg']
2024-05-20 18:29:00,916 - DEBUG - Found file at path: C:\Users\dell\.docker\config.json
2024-05-20 18:29:00,916 - DEBUG - Found 'credsStore' section
2024-05-20 18:29:00,922 - DEBUG - http://localhost:None "GET /version HTTP/1.1" 200 863
2024-05-20 18:29:00,952 - INFO - Scheduler started
2024-05-20 18:29:00,953 - DEBUG - Looking for jobs to run
2024-05-20 18:29:00,954 - DEBUG - No jobs; waiting until a job is added
2024-05-20 18:29:00,961 - WARNING -  * Debugger is active!
2024-05-20 18:29:00,965 - INFO -  * Debugger PIN: 110-732-640
2024-05-20 18:29:31,347 - INFO -  * Detected change in 'C:\\Users\\dell\\Documents\\GitHub\\Hiring-software-engineer-backend\\config.py', reloading
2024-05-20 18:29:31,470 - INFO -  * Restarting with stat
2024-05-20 18:29:32,123 - DEBUG - Looking up time zone info from registry
2024-05-20 18:29:32,126 - DEBUG - Trying paths: ['C:\\Users\\dell\\.docker\\config.json', 'C:\\Users\\dell\\.dockercfg']
2024-05-20 18:29:32,126 - DEBUG - Found file at path: C:\Users\dell\.docker\config.json
2024-05-20 18:29:32,128 - DEBUG - Found 'credsStore' section
2024-05-20 18:29:32,131 - DEBUG - http://localhost:None "GET /version HTTP/1.1" 200 863
2024-05-20 18:29:32,157 - INFO - Scheduler started
2024-05-20 18:29:32,158 - DEBUG - Looking for jobs to run
2024-05-20 18:29:32,159 - DEBUG - No jobs; waiting until a job is added
2024-05-20 18:29:32,166 - WARNING -  * Debugger is active!
2024-05-20 18:29:32,170 - INFO -  * Debugger PIN: 110-732-640
2024-05-20 18:29:47,357 - INFO -  * Detected change in 'C:\\Users\\dell\\Documents\\GitHub\\Hiring-software-engineer-backend\\config.py', reloading
2024-05-20 18:29:47,511 - INFO -  * Restarting with stat
2024-05-20 18:29:48,110 - DEBUG - Looking up time zone info from registry
2024-05-20 18:29:48,113 - DEBUG - Trying paths: ['C:\\Users\\dell\\.docker\\config.json', 'C:\\Users\\dell\\.dockercfg']
2024-05-20 18:29:48,114 - DEBUG - Found file at path: C:\Users\dell\.docker\config.json
2024-05-20 18:29:48,114 - DEBUG - Found 'credsStore' section
2024-05-20 18:29:48,118 - DEBUG - http://localhost:None "GET /version HTTP/1.1" 200 863
2024-05-20 18:29:48,134 - INFO - Scheduler started
2024-05-20 18:29:48,135 - DEBUG - Looking for jobs to run
2024-05-20 18:29:48,135 - DEBUG - No jobs; waiting until a job is added
2024-05-20 18:29:48,143 - WARNING -  * Debugger is active!
2024-05-20 18:29:48,147 - INFO -  * Debugger PIN: 110-732-640
2024-05-20 18:30:06,372 - INFO -  * Detected change in 'C:\\Users\\dell\\Documents\\GitHub\\Hiring-software-engineer-backend\\app\\__init__.py', reloading
2024-05-20 18:30:06,493 - INFO -  * Restarting with stat
2024-05-20 18:30:07,157 - DEBUG - Looking up time zone info from registry
2024-05-20 18:30:07,161 - DEBUG - Trying paths: ['C:\\Users\\dell\\.docker\\config.json', 'C:\\Users\\dell\\.dockercfg']
2024-05-20 18:30:07,162 - DEBUG - Found file at path: C:\Users\dell\.docker\config.json
2024-05-20 18:30:07,162 - DEBUG - Found 'credsStore' section
2024-05-20 18:30:07,166 - DEBUG - http://localhost:None "GET /version HTTP/1.1" 200 863
2024-05-20 18:30:07,178 - INFO - Scheduler started
2024-05-20 18:30:07,179 - DEBUG - Looking for jobs to run
2024-05-20 18:30:07,179 - DEBUG - No jobs; waiting until a job is added
2024-05-20 18:30:07,187 - WARNING -  * Debugger is active!
2024-05-20 18:30:07,191 - INFO -  * Debugger PIN: 110-732-640
2024-05-20 18:30:14,270 - INFO -  * Detected change in 'C:\\Users\\dell\\Documents\\GitHub\\Hiring-software-engineer-backend\\app\\docker_utils.py', reloading
2024-05-20 18:30:14,327 - INFO -  * Restarting with stat
2024-05-20 18:30:14,940 - DEBUG - Looking up time zone info from registry
2024-05-20 18:30:14,944 - DEBUG - Trying paths: ['C:\\Users\\dell\\.docker\\config.json', 'C:\\Users\\dell\\.dockercfg']
2024-05-20 18:30:14,945 - DEBUG - Found file at path: C:\Users\dell\.docker\config.json
2024-05-20 18:30:14,945 - DEBUG - Found 'credsStore' section
2024-05-20 18:30:14,949 - DEBUG - http://localhost:None "GET /version HTTP/1.1" 200 863
2024-05-20 18:30:14,981 - INFO - Scheduler started
2024-05-20 18:30:14,983 - DEBUG - Looking for jobs to run
2024-05-20 18:30:14,983 - DEBUG - No jobs; waiting until a job is added
2024-05-20 18:30:14,991 - WARNING -  * Debugger is active!
2024-05-20 18:30:14,996 - INFO -  * Debugger PIN: 110-732-640
2024-05-20 18:30:23,083 - INFO -  * Detected change in 'C:\\Users\\dell\\Documents\\GitHub\\Hiring-software-engineer-backend\\app\\docker_utils.py', reloading
2024-05-20 18:30:23,192 - INFO -  * Restarting with stat
2024-05-20 18:30:23,790 - DEBUG - Looking up time zone info from registry
2024-05-20 18:30:23,794 - DEBUG - Trying paths: ['C:\\Users\\dell\\.docker\\config.json', 'C:\\Users\\dell\\.dockercfg']
2024-05-20 18:30:23,795 - DEBUG - Found file at path: C:\Users\dell\.docker\config.json
2024-05-20 18:30:23,795 - DEBUG - Found 'credsStore' section
2024-05-20 18:30:23,799 - DEBUG - http://localhost:None "GET /version HTTP/1.1" 200 863
2024-05-20 18:30:23,831 - INFO - Scheduler started
2024-05-20 18:30:23,832 - DEBUG - Looking for jobs to run
2024-05-20 18:30:23,833 - DEBUG - No jobs; waiting until a job is added
2024-05-20 18:30:23,841 - WARNING -  * Debugger is active!
2024-05-20 18:30:23,845 - INFO -  * Debugger PIN: 110-732-640
2024-05-20 18:30:44,084 - INFO -  * Detected change in 'C:\\Users\\dell\\Documents\\GitHub\\Hiring-software-engineer-backend\\app\\routes.py', reloading
2024-05-20 18:30:44,200 - INFO -  * Restarting with stat
2024-05-20 18:30:44,835 - DEBUG - Looking up time zone info from registry
2024-05-20 18:30:44,840 - DEBUG - Trying paths: ['C:\\Users\\dell\\.docker\\config.json', 'C:\\Users\\dell\\.dockercfg']
2024-05-20 18:30:44,840 - DEBUG - Found file at path: C:\Users\dell\.docker\config.json
2024-05-20 18:30:44,841 - DEBUG - Found 'credsStore' section
2024-05-20 18:30:44,845 - DEBUG - http://localhost:None "GET /version HTTP/1.1" 200 863
2024-05-20 18:30:44,863 - INFO - Scheduler started
2024-05-20 18:30:44,865 - DEBUG - Looking for jobs to run
2024-05-20 18:30:44,865 - DEBUG - No jobs; waiting until a job is added
2024-05-20 18:30:44,874 - WARNING -  * Debugger is active!
2024-05-20 18:30:44,879 - INFO -  * Debugger PIN: 110-732-640
2024-05-20 18:31:04,125 - INFO -  * Detected change in 'C:\\Users\\dell\\Documents\\GitHub\\Hiring-software-engineer-backend\\app\\utils.py', reloading
2024-05-20 18:31:04,241 - INFO -  * Restarting with stat
2024-05-20 18:31:04,843 - DEBUG - Looking up time zone info from registry
2024-05-20 18:31:04,846 - DEBUG - Trying paths: ['C:\\Users\\dell\\.docker\\config.json', 'C:\\Users\\dell\\.dockercfg']
2024-05-20 18:31:04,847 - DEBUG - Found file at path: C:\Users\dell\.docker\config.json
2024-05-20 18:31:04,847 - DEBUG - Found 'credsStore' section
2024-05-20 18:31:04,851 - DEBUG - http://localhost:None "GET /version HTTP/1.1" 200 863
2024-05-20 18:31:04,865 - INFO - Scheduler started
2024-05-20 18:31:04,865 - DEBUG - Looking for jobs to run
2024-05-20 18:31:04,867 - DEBUG - No jobs; waiting until a job is added
2024-05-20 18:31:04,874 - WARNING -  * Debugger is active!
2024-05-20 18:31:04,880 - INFO -  * Debugger PIN: 110-732-640
2024-05-20 18:31:30,195 - INFO -  * Detected change in 'C:\\Users\\dell\\Documents\\GitHub\\Hiring-software-engineer-backend\\tests\\test_routes.py', reloading
2024-05-20 18:31:30,307 - INFO -  * Restarting with stat
2024-05-20 18:31:30,907 - DEBUG - Looking up time zone info from registry
2024-05-20 18:31:30,912 - DEBUG - Trying paths: ['C:\\Users\\dell\\.docker\\config.json', 'C:\\Users\\dell\\.dockercfg']
2024-05-20 18:31:30,912 - DEBUG - Found file at path: C:\Users\dell\.docker\config.json
2024-05-20 18:31:30,913 - DEBUG - Found 'credsStore' section
2024-05-20 18:31:30,917 - DEBUG - http://localhost:None "GET /version HTTP/1.1" 200 863
2024-05-20 18:31:30,930 - INFO - Scheduler started
2024-05-20 18:31:30,931 - DEBUG - Looking for jobs to run
2024-05-20 18:31:30,931 - DEBUG - No jobs; waiting until a job is added
2024-05-20 18:31:30,940 - WARNING -  * Debugger is active!
2024-05-20 18:31:30,945 - INFO -  * Debugger PIN: 110-732-640
2024-05-20 18:31:38,021 - INFO -  * Detected change in 'C:\\Users\\dell\\Documents\\GitHub\\Hiring-software-engineer-backend\\run.py', reloading
2024-05-20 18:31:38,076 - INFO -  * Restarting with stat
2024-05-20 18:31:38,662 - DEBUG - Looking up time zone info from registry
2024-05-20 18:31:38,666 - DEBUG - Trying paths: ['C:\\Users\\dell\\.docker\\config.json', 'C:\\Users\\dell\\.dockercfg']
2024-05-20 18:31:38,667 - DEBUG - Found file at path: C:\Users\dell\.docker\config.json
2024-05-20 18:31:38,667 - DEBUG - Found 'credsStore' section
2024-05-20 18:31:38,672 - DEBUG - http://localhost:None "GET /version HTTP/1.1" 200 863
2024-05-20 18:31:38,685 - INFO - Scheduler started
2024-05-20 18:31:38,686 - DEBUG - Looking for jobs to run
2024-05-20 18:31:38,686 - DEBUG - No jobs; waiting until a job is added
2024-05-20 18:31:38,695 - WARNING -  * Debugger is active!
2024-05-20 18:31:38,700 - INFO -  * Debugger PIN: 110-732-640
2024-05-20 18:32:45,460 - INFO -  * Detected change in 'C:\\Users\\dell\\Documents\\GitHub\\Hiring-software-engineer-backend\\run.py', reloading
2024-05-20 18:32:45,548 - INFO -  * Restarting with stat
2024-05-20 18:32:46,070 - DEBUG - Looking up time zone info from registry
2024-05-20 18:32:46,073 - DEBUG - Trying paths: ['C:\\Users\\dell\\.docker\\config.json', 'C:\\Users\\dell\\.dockercfg']
2024-05-20 18:32:46,073 - DEBUG - Found file at path: C:\Users\dell\.docker\config.json
2024-05-20 18:32:46,074 - DEBUG - Found 'credsStore' section
2024-05-20 18:32:46,078 - DEBUG - http://localhost:None "GET /version HTTP/1.1" 200 863
2024-05-20 18:32:46,085 - INFO - Scheduler started
2024-05-20 18:32:46,086 - DEBUG - Looking for jobs to run
2024-05-20 18:32:46,087 - DEBUG - No jobs; waiting until a job is added
2024-05-20 18:33:07,231 - DEBUG - Looking up time zone info from registry
2024-05-20 18:33:07,234 - DEBUG - Trying paths: ['C:\\Users\\dell\\.docker\\config.json', 'C:\\Users\\dell\\.dockercfg']
2024-05-20 18:33:07,235 - DEBUG - Found file at path: C:\Users\dell\.docker\config.json
2024-05-20 18:33:07,235 - DEBUG - Found 'credsStore' section
2024-05-20 18:33:07,238 - DEBUG - http://localhost:None "GET /version HTTP/1.1" 200 863
2024-05-20 18:33:07,249 - INFO - Scheduler started
2024-05-20 18:33:07,250 - DEBUG - Looking for jobs to run
2024-05-20 18:33:07,251 - DEBUG - No jobs; waiting until a job is added
2024-05-20 18:33:07,267 - INFO - [31m[1mWARNING: This is a development server. Do not use it in a production deployment. Use a production WSGI server instead.[0m
 * Running on all addresses (0.0.0.0)
 * Running on http://127.0.0.1:5000
 * Running on http://192.168.43.143:5000
2024-05-20 18:33:07,268 - INFO - [33mPress CTRL+C to quit[0m
2024-05-20 18:33:07,269 - INFO -  * Restarting with stat
2024-05-20 18:33:07,713 - DEBUG - Looking up time zone info from registry
2024-05-20 18:33:07,716 - DEBUG - Trying paths: ['C:\\Users\\dell\\.docker\\config.json', 'C:\\Users\\dell\\.dockercfg']
2024-05-20 18:33:07,716 - DEBUG - Found file at path: C:\Users\dell\.docker\config.json
2024-05-20 18:33:07,716 - DEBUG - Found 'credsStore' section
2024-05-20 18:33:07,719 - DEBUG - http://localhost:None "GET /version HTTP/1.1" 200 863
2024-05-20 18:33:07,728 - INFO - Scheduler started
2024-05-20 18:33:07,730 - DEBUG - Looking for jobs to run
2024-05-20 18:33:07,730 - DEBUG - No jobs; waiting until a job is added
2024-05-20 18:33:07,735 - WARNING -  * Debugger is active!
2024-05-20 18:33:07,739 - INFO -  * Debugger PIN: 110-732-640
2024-05-20 18:34:54,677 - INFO -  * Detected change in 'C:\\Users\\dell\\Documents\\GitHub\\Hiring-software-engineer-backend\\run.py', reloading
2024-05-20 18:34:54,746 - INFO -  * Restarting with stat
2024-05-20 18:34:55,242 - DEBUG - Looking up time zone info from registry
2024-05-20 18:34:55,245 - DEBUG - Trying paths: ['C:\\Users\\dell\\.docker\\config.json', 'C:\\Users\\dell\\.dockercfg']
2024-05-20 18:34:55,245 - DEBUG - Found file at path: C:\Users\dell\.docker\config.json
2024-05-20 18:34:55,246 - DEBUG - Found 'credsStore' section
2024-05-20 18:34:55,248 - DEBUG - http://localhost:None "GET /version HTTP/1.1" 200 863
2024-05-20 18:34:55,256 - INFO - Scheduler started
2024-05-20 18:34:55,256 - DEBUG - Looking for jobs to run
2024-05-20 18:34:55,257 - DEBUG - No jobs; waiting until a job is added
2024-05-20 18:34:55,262 - WARNING -  * Debugger is active!
2024-05-20 18:34:55,265 - INFO -  * Debugger PIN: 110-732-640
2024-05-20 18:35:02,314 - INFO -  * Detected change in 'C:\\Users\\dell\\Documents\\GitHub\\Hiring-software-engineer-backend\\app\\__init__.py', reloading
2024-05-20 18:35:02,355 - INFO -  * Restarting with stat
2024-05-20 18:35:51,735 - DEBUG - Looking up time zone info from registry
2024-05-20 18:35:51,738 - DEBUG - Trying paths: ['C:\\Users\\dell\\.docker\\config.json', 'C:\\Users\\dell\\.dockercfg']
2024-05-20 18:35:51,738 - DEBUG - Found file at path: C:\Users\dell\.docker\config.json
2024-05-20 18:35:51,738 - DEBUG - Found 'credsStore' section
2024-05-20 18:35:51,743 - DEBUG - http://localhost:None "GET /version HTTP/1.1" 200 863
2024-05-20 18:35:51,768 - INFO - Scheduler started
2024-05-20 18:35:51,769 - DEBUG - Looking for jobs to run
2024-05-20 18:35:51,769 - DEBUG - No jobs; waiting until a job is added
2024-05-20 18:35:51,782 - INFO - [31m[1mWARNING: This is a development server. Do not use it in a production deployment. Use a production WSGI server instead.[0m
 * Running on all addresses (0.0.0.0)
 * Running on http://127.0.0.1:5000
 * Running on http://192.168.43.143:5000
2024-05-20 18:35:51,783 - INFO - [33mPress CTRL+C to quit[0m
2024-05-20 18:35:51,784 - INFO -  * Restarting with stat
2024-05-20 18:35:52,224 - DEBUG - Looking up time zone info from registry
2024-05-20 18:35:52,227 - DEBUG - Trying paths: ['C:\\Users\\dell\\.docker\\config.json', 'C:\\Users\\dell\\.dockercfg']
2024-05-20 18:35:52,227 - DEBUG - Found file at path: C:\Users\dell\.docker\config.json
2024-05-20 18:35:52,227 - DEBUG - Found 'credsStore' section
2024-05-20 18:35:52,229 - DEBUG - http://localhost:None "GET /version HTTP/1.1" 200 863
2024-05-20 18:35:52,237 - INFO - Scheduler started
2024-05-20 18:35:52,239 - DEBUG - Looking for jobs to run
2024-05-20 18:35:52,239 - DEBUG - No jobs; waiting until a job is added
2024-05-20 18:35:52,246 - WARNING -  * Debugger is active!
2024-05-20 18:35:52,249 - INFO -  * Debugger PIN: 110-732-640
2024-05-20 18:37:43,009 - DEBUG - Looking for auth config
2024-05-20 18:37:43,146 - DEBUG - Sending auth config ()
2024-05-20 18:37:43,171 - DEBUG - http://localhost:None "POST /v1.44/build?t=task_d183366f-9c39-4269-b32e-f353d5da8737&q=False&nocache=False&rm=True&forcerm=False&pull=False&dockerfile=Dockerfile HTTP/1.1" 200 None
2024-05-20 18:37:43,189 - DEBUG - http://localhost:None "GET /v1.44/images/96f271d31790/json HTTP/1.1" 200 None
2024-05-20 18:37:43,232 - DEBUG - http://localhost:None "POST /v1.44/containers/create HTTP/1.1" 201 None
2024-05-20 18:37:43,236 - DEBUG - http://localhost:None "GET /v1.44/containers/05e255a360c9e721080fae7ee86afc2c95376a2c09ee782f9e239b95f905701c/json HTTP/1.1" 200 None
2024-05-20 18:37:43,526 - DEBUG - http://localhost:None "POST /v1.44/containers/05e255a360c9e721080fae7ee86afc2c95376a2c09ee782f9e239b95f905701c/start HTTP/1.1" 204 0
2024-05-20 18:37:43,527 - INFO - 127.0.0.1 - - [20/May/2024 18:37:43] "POST /task/sh HTTP/1.1" 200 -
2024-05-20 18:37:54,431 - DEBUG - Looking for auth config
2024-05-20 18:37:54,488 - DEBUG - Sending auth config ()
2024-05-20 18:37:54,496 - DEBUG - http://localhost:None "POST /v1.44/build?q=False&nocache=False&rm=True&forcerm=False&pull=False HTTP/1.1" 200 None
2024-05-20 18:37:54,502 - DEBUG - http://localhost:None "GET /v1.44/images/9b94066932e2/json HTTP/1.1" 200 None
2024-05-20 18:37:54,531 - DEBUG - http://localhost:None "POST /v1.44/containers/create HTTP/1.1" 201 None
2024-05-20 18:37:54,536 - DEBUG - http://localhost:None "GET /v1.44/containers/261d4a3e8fb92a52dcda77a6d9f183f9463aaf60ff2ba8bbc5ccfa265e8e53b0/json HTTP/1.1" 200 None
2024-05-20 18:37:54,786 - DEBUG - http://localhost:None "POST /v1.44/containers/261d4a3e8fb92a52dcda77a6d9f183f9463aaf60ff2ba8bbc5ccfa265e8e53b0/start HTTP/1.1" 204 0
2024-05-20 18:37:54,787 - INFO - 127.0.0.1 - - [20/May/2024 18:37:54] "POST /task/sh HTTP/1.1" 200 -
2024-05-20 18:37:59,733 - DEBUG - Looking for auth config
2024-05-20 18:37:59,777 - DEBUG - Sending auth config ()
2024-05-20 18:37:59,787 - DEBUG - http://localhost:None "POST /v1.44/build?t=task_c9702b16-6050-4697-997a-e2337fc704e6&q=False&nocache=False&rm=True&forcerm=False&pull=False&dockerfile=Dockerfile HTTP/1.1" 200 None
2024-05-20 18:37:59,823 - DEBUG - http://localhost:None "GET /v1.44/images/bbdddea67132/json HTTP/1.1" 200 None
2024-05-20 18:37:59,867 - DEBUG - http://localhost:None "POST /v1.44/containers/create HTTP/1.1" 201 None
2024-05-20 18:37:59,871 - DEBUG - http://localhost:None "GET /v1.44/containers/9eb3dde95734af2ae0bab3065d4d1411b2f632a05ed0973da320b6d1e2101460/json HTTP/1.1" 200 None
2024-05-20 18:38:00,170 - DEBUG - http://localhost:None "POST /v1.44/containers/9eb3dde95734af2ae0bab3065d4d1411b2f632a05ed0973da320b6d1e2101460/start HTTP/1.1" 204 0
2024-05-20 18:38:00,171 - INFO - 127.0.0.1 - - [20/May/2024 18:38:00] "POST /task/py HTTP/1.1" 200 -
2024-05-20 18:38:05,702 - DEBUG - Looking for auth config
2024-05-20 18:38:05,757 - DEBUG - Sending auth config ()
2024-05-20 18:38:05,766 - DEBUG - http://localhost:None "POST /v1.44/build?q=False&nocache=False&rm=True&forcerm=False&pull=False HTTP/1.1" 200 None
2024-05-20 18:38:05,782 - DEBUG - http://localhost:None "GET /v1.44/images/f79eb82504bd/json HTTP/1.1" 200 None
2024-05-20 18:38:05,810 - DEBUG - http://localhost:None "POST /v1.44/containers/create HTTP/1.1" 201 None
2024-05-20 18:38:05,815 - DEBUG - http://localhost:None "GET /v1.44/containers/f3aa23a5188c12dfd21c5e65337b41fd27c0b0c6be97eb3c7a2ebd48e2216d46/json HTTP/1.1" 200 None
2024-05-20 18:38:06,065 - DEBUG - http://localhost:None "POST /v1.44/containers/f3aa23a5188c12dfd21c5e65337b41fd27c0b0c6be97eb3c7a2ebd48e2216d46/start HTTP/1.1" 204 0
2024-05-20 18:38:06,066 - INFO - 127.0.0.1 - - [20/May/2024 18:38:06] "POST /task/py HTTP/1.1" 200 -
2024-05-20 18:38:34,089 - INFO - 127.0.0.1 - - [20/May/2024 18:38:34] "[32mGET /task HTTP/1.1[0m" 308 -
2024-05-20 18:38:34,092 - INFO - 127.0.0.1 - - [20/May/2024 18:38:34] "GET /task/ HTTP/1.1" 200 -
2024-05-20 18:38:43,285 - DEBUG - http://localhost:None "POST /v1.44/containers/f3aa23a5188c12dfd21c5e65337b41fd27c0b0c6be97eb3c7a2ebd48e2216d46/stop HTTP/1.1" 304 0
2024-05-20 18:38:43,294 - DEBUG - http://localhost:None "DELETE /v1.44/containers/f3aa23a5188c12dfd21c5e65337b41fd27c0b0c6be97eb3c7a2ebd48e2216d46?v=False&link=False&force=False HTTP/1.1" 204 0
2024-05-20 18:38:43,295 - INFO - 127.0.0.1 - - [20/May/2024 18:38:43] "DELETE /task/aa877e70-849f-4a1e-a945-675d757d43f9 HTTP/1.1" 200 -
2024-05-20 18:38:52,547 - INFO - 127.0.0.1 - - [20/May/2024 18:38:52] "[32mGET /task HTTP/1.1[0m" 308 -
2024-05-20 18:38:52,550 - INFO - 127.0.0.1 - - [20/May/2024 18:38:52] "GET /task/ HTTP/1.1" 200 -
2024-05-20 18:39:02,264 - DEBUG - http://localhost:None "POST /v1.44/containers/9eb3dde95734af2ae0bab3065d4d1411b2f632a05ed0973da320b6d1e2101460/stop HTTP/1.1" 304 0
2024-05-20 18:39:02,272 - DEBUG - http://localhost:None "DELETE /v1.44/containers/9eb3dde95734af2ae0bab3065d4d1411b2f632a05ed0973da320b6d1e2101460?v=False&link=False&force=False HTTP/1.1" 204 0
2024-05-20 18:39:02,273 - INFO - 127.0.0.1 - - [20/May/2024 18:39:02] "DELETE /task/c9702b16-6050-4697-997a-e2337fc704e6 HTTP/1.1" 200 -
2024-05-20 18:39:08,484 - INFO - 127.0.0.1 - - [20/May/2024 18:39:08] "[32mGET /task HTTP/1.1[0m" 308 -
2024-05-20 18:39:08,488 - INFO - 127.0.0.1 - - [20/May/2024 18:39:08] "GET /task/ HTTP/1.1" 200 -
2024-05-20 18:39:17,853 - ERROR - Route not found: /stop/d183366f-9c39-4269-b32e-f353d5da8737
2024-05-20 18:39:17,853 - ERROR - Route not found: /stop/d183366f-9c39-4269-b32e-f353d5da8737
2024-05-20 18:39:17,853 - INFO - 127.0.0.1 - - [20/May/2024 18:39:17] "[33mGET /stop/d183366f-9c39-4269-b32e-f353d5da8737 HTTP/1.1[0m" 404 -
2024-05-20 18:39:42,804 - DEBUG - http://localhost:None "GET /v1.44/images/sha256:9b94066932e22b9101ceea9375a4ecd20e662def80d76a3390b0283cd8e5e998/json HTTP/1.1" 200 None
2024-05-20 18:39:42,805 - ERROR - An error occurred while retrieving Docker information for task 908d1d19-5cc0-4696-8fad-9c1955e9dd21: list index out of range
Traceback (most recent call last):
  File "C:\Users\dell\Documents\GitHub\Hiring-software-engineer-backend\app\docker_utils.py", line 319, in task_docker_info
    'name': image_attrs['RepoTags'][0] if 'RepoTags' in image_attrs else None,
            ~~~~~~~~~~~~~~~~~~~~~~~^^^
IndexError: list index out of range
2024-05-20 18:39:42,805 - ERROR - An error occurred while retrieving Docker information for task 908d1d19-5cc0-4696-8fad-9c1955e9dd21: list index out of range
Traceback (most recent call last):
  File "C:\Users\dell\Documents\GitHub\Hiring-software-engineer-backend\app\docker_utils.py", line 319, in task_docker_info
    'name': image_attrs['RepoTags'][0] if 'RepoTags' in image_attrs else None,
            ~~~~~~~~~~~~~~~~~~~~~~~^^^
IndexError: list index out of range
2024-05-20 18:39:42,806 - INFO - 127.0.0.1 - - [20/May/2024 18:39:42] "[35m[1mGET /task/908d1d19-5cc0-4696-8fad-9c1955e9dd21 HTTP/1.1[0m" 500 -
2024-05-20 18:41:15,563 - INFO - 127.0.0.1 - - [20/May/2024 18:41:15] "[32mGET /task HTTP/1.1[0m" 308 -
2024-05-20 18:41:15,568 - INFO - 127.0.0.1 - - [20/May/2024 18:41:15] "GET /task/ HTTP/1.1" 200 -
2024-05-20 18:41:25,311 - DEBUG - http://localhost:None "GET /v1.44/images/sha256:96f271d317909503652a977badaf2f8230f04e90c1dd5f016a33c95b3aa62726/json HTTP/1.1" 200 None
2024-05-20 18:41:25,311 - INFO - 127.0.0.1 - - [20/May/2024 18:41:25] "GET /task/d183366f-9c39-4269-b32e-f353d5da8737 HTTP/1.1" 200 -
2024-05-20 18:45:35,362 - INFO -  * Detected change in 'C:\\Users\\dell\\Documents\\GitHub\\Hiring-software-engineer-backend\\app\\docker_utils.py', reloading
2024-05-20 18:45:35,439 - INFO -  * Restarting with stat
2024-05-20 18:45:35,917 - DEBUG - Looking up time zone info from registry
2024-05-20 18:45:35,919 - DEBUG - Trying paths: ['C:\\Users\\dell\\.docker\\config.json', 'C:\\Users\\dell\\.dockercfg']
2024-05-20 18:45:35,919 - DEBUG - Found file at path: C:\Users\dell\.docker\config.json
2024-05-20 18:45:35,919 - DEBUG - Found 'credsStore' section
2024-05-20 18:45:35,932 - DEBUG - http://localhost:None "GET /version HTTP/1.1" 200 None
2024-05-20 18:45:35,956 - INFO - Scheduler started
2024-05-20 18:45:35,957 - DEBUG - Looking for jobs to run
2024-05-20 18:45:35,957 - DEBUG - No jobs; waiting until a job is added
2024-05-20 18:45:35,965 - WARNING -  * Debugger is active!
2024-05-20 18:45:35,969 - INFO -  * Debugger PIN: 110-732-640
2024-05-20 18:45:43,265 - INFO - 127.0.0.1 - - [20/May/2024 18:45:43] "[32mGET /task HTTP/1.1[0m" 308 -
2024-05-20 18:45:43,268 - INFO - 127.0.0.1 - - [20/May/2024 18:45:43] "GET /task/ HTTP/1.1" 200 -
2024-05-20 18:46:09,893 - DEBUG - Looking for auth config
2024-05-20 18:46:09,944 - DEBUG - Sending auth config ()
2024-05-20 18:46:09,953 - DEBUG - http://localhost:None "POST /v1.44/build?q=False&nocache=False&rm=True&forcerm=False&pull=False HTTP/1.1" 200 None
2024-05-20 18:46:09,956 - DEBUG - http://localhost:None "GET /v1.44/images/9b94066932e2/json HTTP/1.1" 200 None
2024-05-20 18:46:09,982 - DEBUG - http://localhost:None "POST /v1.44/containers/create HTTP/1.1" 201 None
2024-05-20 18:46:09,985 - DEBUG - http://localhost:None "GET /v1.44/containers/30e1f9e60aff9d9ba7a0a6af770ef42da6c2f000656555d897b28ab983dc4181/json HTTP/1.1" 200 None
2024-05-20 18:46:10,246 - DEBUG - http://localhost:None "POST /v1.44/containers/30e1f9e60aff9d9ba7a0a6af770ef42da6c2f000656555d897b28ab983dc4181/start HTTP/1.1" 204 0
2024-05-20 18:46:10,248 - INFO - 127.0.0.1 - - [20/May/2024 18:46:10] "POST /task/sh HTTP/1.1" 200 -
2024-05-20 18:46:19,539 - DEBUG - http://localhost:None "GET /v1.44/images/sha256:9b94066932e22b9101ceea9375a4ecd20e662def80d76a3390b0283cd8e5e998/json HTTP/1.1" 200 None
2024-05-20 18:46:19,540 - ERROR - An error occurred while retrieving Docker information for task c8cddbe2-75e5-40e5-b139-616b6db57479: list index out of range
Traceback (most recent call last):
  File "C:\Users\dell\Documents\GitHub\Hiring-software-engineer-backend\app\docker_utils.py", line 317, in task_docker_info
    image_name = image_attrs.get('RepoTags', [None])[0] if 'RepoTags' in image_attrs else None
                 ~~~~~~~~~~~~~~~~~~~~~~~~~~~~~~~~~~~^^^
IndexError: list index out of range
2024-05-20 18:46:19,540 - ERROR - An error occurred while retrieving Docker information for task c8cddbe2-75e5-40e5-b139-616b6db57479: list index out of range
Traceback (most recent call last):
  File "C:\Users\dell\Documents\GitHub\Hiring-software-engineer-backend\app\docker_utils.py", line 317, in task_docker_info
    image_name = image_attrs.get('RepoTags', [None])[0] if 'RepoTags' in image_attrs else None
                 ~~~~~~~~~~~~~~~~~~~~~~~~~~~~~~~~~~~^^^
IndexError: list index out of range
2024-05-20 18:46:19,541 - INFO - 127.0.0.1 - - [20/May/2024 18:46:19] "[35m[1mGET /task/c8cddbe2-75e5-40e5-b139-616b6db57479 HTTP/1.1[0m" 500 -
2024-05-20 18:46:31,557 - DEBUG - Looking for auth config
2024-05-20 18:46:31,612 - DEBUG - Sending auth config ()
2024-05-20 18:46:31,622 - DEBUG - http://localhost:None "POST /v1.44/build?t=task_e8f7f75c-ec3d-4e62-a59f-f35a09262cf8&q=False&nocache=False&rm=True&forcerm=False&pull=False&dockerfile=Dockerfile HTTP/1.1" 200 None
2024-05-20 18:46:31,632 - DEBUG - http://localhost:None "GET /v1.44/images/96f271d31790/json HTTP/1.1" 200 None
2024-05-20 18:46:31,662 - DEBUG - http://localhost:None "POST /v1.44/containers/create HTTP/1.1" 201 None
2024-05-20 18:46:31,665 - DEBUG - http://localhost:None "GET /v1.44/containers/36a1270442c4258991eff70bff023689bcc36dbecd5c7f5137bd227cc29683ad/json HTTP/1.1" 200 None
2024-05-20 18:46:31,967 - DEBUG - http://localhost:None "POST /v1.44/containers/36a1270442c4258991eff70bff023689bcc36dbecd5c7f5137bd227cc29683ad/start HTTP/1.1" 204 0
2024-05-20 18:46:31,968 - INFO - 127.0.0.1 - - [20/May/2024 18:46:31] "POST /task/sh HTTP/1.1" 200 -
2024-05-20 18:46:40,062 - DEBUG - http://localhost:None "GET /v1.44/images/sha256:96f271d317909503652a977badaf2f8230f04e90c1dd5f016a33c95b3aa62726/json HTTP/1.1" 200 None
2024-05-20 18:46:40,063 - INFO - 127.0.0.1 - - [20/May/2024 18:46:40] "GET /task/e8f7f75c-ec3d-4e62-a59f-f35a09262cf8 HTTP/1.1" 200 -
2024-05-20 18:49:35,511 - INFO -  * Detected change in 'C:\\Users\\dell\\Documents\\GitHub\\Hiring-software-engineer-backend\\app\\docker_utils.py', reloading
2024-05-20 18:49:35,572 - INFO -  * Restarting with stat
2024-05-20 18:49:36,038 - DEBUG - Looking up time zone info from registry
2024-05-20 18:49:36,042 - DEBUG - Trying paths: ['C:\\Users\\dell\\.docker\\config.json', 'C:\\Users\\dell\\.dockercfg']
2024-05-20 18:49:36,042 - DEBUG - Found file at path: C:\Users\dell\.docker\config.json
2024-05-20 18:49:36,043 - DEBUG - Found 'credsStore' section
2024-05-20 18:49:36,054 - DEBUG - http://localhost:None "GET /version HTTP/1.1" 200 None
2024-05-20 18:49:36,075 - INFO - Scheduler started
2024-05-20 18:49:36,076 - DEBUG - Looking for jobs to run
2024-05-20 18:49:36,076 - DEBUG - No jobs; waiting until a job is added
2024-05-20 18:49:36,084 - WARNING -  * Debugger is active!
2024-05-20 18:49:36,087 - INFO -  * Debugger PIN: 110-732-640
2024-05-20 18:49:40,344 - DEBUG - Looking for auth config
2024-05-20 18:49:40,404 - DEBUG - Sending auth config ()
2024-05-20 18:49:40,415 - DEBUG - http://localhost:None "POST /v1.44/build?t=task_bf25b277-1396-4bbd-9510-fa707c812544&q=False&nocache=False&rm=True&forcerm=False&pull=False&dockerfile=Dockerfile HTTP/1.1" 200 None
2024-05-20 18:49:40,424 - DEBUG - http://localhost:None "GET /v1.44/images/96f271d31790/json HTTP/1.1" 200 None
2024-05-20 18:49:40,453 - DEBUG - http://localhost:None "POST /v1.44/containers/create HTTP/1.1" 201 None
2024-05-20 18:49:40,456 - DEBUG - http://localhost:None "GET /v1.44/containers/f01658c03cafffc6ad3dc7052f98e6fa2946871a5f0ae4379d611c33ca6d615b/json HTTP/1.1" 200 None
2024-05-20 18:49:40,704 - DEBUG - http://localhost:None "POST /v1.44/containers/f01658c03cafffc6ad3dc7052f98e6fa2946871a5f0ae4379d611c33ca6d615b/start HTTP/1.1" 204 0
2024-05-20 18:49:40,705 - INFO - 127.0.0.1 - - [20/May/2024 18:49:40] "POST /task/sh HTTP/1.1" 200 -
2024-05-20 18:49:53,516 - DEBUG - http://localhost:None "GET /v1.44/images/sha256:96f271d317909503652a977badaf2f8230f04e90c1dd5f016a33c95b3aa62726/json HTTP/1.1" 200 None
2024-05-20 18:49:53,516 - INFO - 127.0.0.1 - - [20/May/2024 18:49:53] "GET /task/bf25b277-1396-4bbd-9510-fa707c812544 HTTP/1.1" 200 -
2024-05-20 18:50:02,525 - DEBUG - Looking for auth config
2024-05-20 18:50:02,570 - DEBUG - Sending auth config ()
2024-05-20 18:50:02,578 - DEBUG - http://localhost:None "POST /v1.44/build?q=False&nocache=False&rm=True&forcerm=False&pull=False HTTP/1.1" 200 None
2024-05-20 18:50:02,582 - DEBUG - http://localhost:None "GET /v1.44/images/9b94066932e2/json HTTP/1.1" 200 None
2024-05-20 18:50:02,618 - DEBUG - http://localhost:None "POST /v1.44/containers/create HTTP/1.1" 201 None
2024-05-20 18:50:02,621 - DEBUG - http://localhost:None "GET /v1.44/containers/0c56a24884364be9c015afc26a9fa8db268a348ccfac7c96e29c2608a3ebc36e/json HTTP/1.1" 200 None
2024-05-20 18:50:02,858 - DEBUG - http://localhost:None "POST /v1.44/containers/0c56a24884364be9c015afc26a9fa8db268a348ccfac7c96e29c2608a3ebc36e/start HTTP/1.1" 204 0
2024-05-20 18:50:02,860 - INFO - 127.0.0.1 - - [20/May/2024 18:50:02] "POST /task/sh HTTP/1.1" 200 -
2024-05-20 18:50:11,578 - DEBUG - http://localhost:None "GET /v1.44/images/sha256:9b94066932e22b9101ceea9375a4ecd20e662def80d76a3390b0283cd8e5e998/json HTTP/1.1" 200 None
2024-05-20 18:50:11,579 - INFO - 127.0.0.1 - - [20/May/2024 18:50:11] "GET /task/67a5a8b3-f95f-4a6b-8814-b21bb28b3b87 HTTP/1.1" 200 -
2024-05-20 18:50:41,510 - INFO -  * Detected change in 'C:\\Users\\dell\\Documents\\GitHub\\Hiring-software-engineer-backend\\app\\docker_utils.py', reloading
2024-05-20 18:50:41,587 - INFO -  * Restarting with stat
2024-05-20 18:50:42,041 - DEBUG - Looking up time zone info from registry
2024-05-20 18:50:42,044 - DEBUG - Trying paths: ['C:\\Users\\dell\\.docker\\config.json', 'C:\\Users\\dell\\.dockercfg']
2024-05-20 18:50:42,044 - DEBUG - Found file at path: C:\Users\dell\.docker\config.json
2024-05-20 18:50:42,045 - DEBUG - Found 'credsStore' section
2024-05-20 18:50:42,053 - DEBUG - http://localhost:None "GET /version HTTP/1.1" 200 None
2024-05-20 18:50:42,073 - INFO - Scheduler started
2024-05-20 18:50:42,074 - DEBUG - Looking for jobs to run
2024-05-20 18:50:42,074 - DEBUG - No jobs; waiting until a job is added
2024-05-20 18:50:42,080 - WARNING -  * Debugger is active!
2024-05-20 18:50:42,083 - INFO -  * Debugger PIN: 110-732-640
2024-05-20 18:50:48,067 - DEBUG - Looking for auth config
2024-05-20 18:50:48,129 - DEBUG - Sending auth config ()
2024-05-20 18:50:48,139 - DEBUG - http://localhost:None "POST /v1.44/build?q=False&nocache=False&rm=True&forcerm=False&pull=False HTTP/1.1" 200 None
2024-05-20 18:50:48,143 - DEBUG - http://localhost:None "GET /v1.44/images/9b94066932e2/json HTTP/1.1" 200 None
2024-05-20 18:50:48,178 - DEBUG - http://localhost:None "POST /v1.44/containers/create HTTP/1.1" 201 None
2024-05-20 18:50:48,181 - DEBUG - http://localhost:None "GET /v1.44/containers/9515c614ccc710b09f8e01b682a91e954223d7f5e5aa804fa67c761e04e27550/json HTTP/1.1" 200 None
2024-05-20 18:50:48,446 - DEBUG - http://localhost:None "POST /v1.44/containers/9515c614ccc710b09f8e01b682a91e954223d7f5e5aa804fa67c761e04e27550/start HTTP/1.1" 204 0
2024-05-20 18:50:48,447 - INFO - 127.0.0.1 - - [20/May/2024 18:50:48] "POST /task/sh HTTP/1.1" 200 -
2024-05-20 18:50:57,292 - DEBUG - http://localhost:None "GET /v1.44/images/sha256:9b94066932e22b9101ceea9375a4ecd20e662def80d76a3390b0283cd8e5e998/json HTTP/1.1" 200 None
2024-05-20 18:50:57,293 - INFO - 127.0.0.1 - - [20/May/2024 18:50:57] "GET /task/74bdf9fc-5d88-4b8f-8b73-a1068646cd2b HTTP/1.1" 200 -
2024-05-20 18:51:05,586 - DEBUG - Looking for auth config
2024-05-20 18:51:05,650 - DEBUG - Sending auth config ()
2024-05-20 18:51:05,660 - DEBUG - http://localhost:None "POST /v1.44/build?t=task_207af32f-a7df-4359-a656-69a99c28aadf&q=False&nocache=False&rm=True&forcerm=False&pull=False&dockerfile=Dockerfile HTTP/1.1" 200 None
2024-05-20 18:51:05,669 - DEBUG - http://localhost:None "GET /v1.44/images/96f271d31790/json HTTP/1.1" 200 None
2024-05-20 18:51:05,700 - DEBUG - http://localhost:None "POST /v1.44/containers/create HTTP/1.1" 201 None
2024-05-20 18:51:05,703 - DEBUG - http://localhost:None "GET /v1.44/containers/2a9c77ec1d874d88365048232eb607451d815b4c1d8522fddb81b51df0e709a9/json HTTP/1.1" 200 None
2024-05-20 18:51:05,989 - DEBUG - http://localhost:None "POST /v1.44/containers/2a9c77ec1d874d88365048232eb607451d815b4c1d8522fddb81b51df0e709a9/start HTTP/1.1" 204 0
2024-05-20 18:51:05,990 - INFO - 127.0.0.1 - - [20/May/2024 18:51:05] "POST /task/sh HTTP/1.1" 200 -
2024-05-20 18:51:15,580 - DEBUG - http://localhost:None "GET /v1.44/images/sha256:96f271d317909503652a977badaf2f8230f04e90c1dd5f016a33c95b3aa62726/json HTTP/1.1" 200 None
2024-05-20 18:51:15,581 - INFO - 127.0.0.1 - - [20/May/2024 18:51:15] "GET /task/207af32f-a7df-4359-a656-69a99c28aadf HTTP/1.1" 200 -
2024-05-20 18:51:19,271 - DEBUG - Looking for auth config
2024-05-20 18:51:19,329 - DEBUG - Sending auth config ()
2024-05-20 18:51:19,338 - DEBUG - http://localhost:None "POST /v1.44/build?q=False&nocache=False&rm=True&forcerm=False&pull=False HTTP/1.1" 200 None
2024-05-20 18:51:19,351 - DEBUG - http://localhost:None "GET /v1.44/images/f79eb82504bd/json HTTP/1.1" 200 None
2024-05-20 18:51:19,377 - DEBUG - http://localhost:None "POST /v1.44/containers/create HTTP/1.1" 201 None
2024-05-20 18:51:19,381 - DEBUG - http://localhost:None "GET /v1.44/containers/766ecea2c0617592683e2eba28e37d3e580cbd19f9267f459d3784245abb8212/json HTTP/1.1" 200 None
2024-05-20 18:51:19,604 - DEBUG - http://localhost:None "POST /v1.44/containers/766ecea2c0617592683e2eba28e37d3e580cbd19f9267f459d3784245abb8212/start HTTP/1.1" 204 0
2024-05-20 18:51:19,604 - INFO - 127.0.0.1 - - [20/May/2024 18:51:19] "POST /task/py HTTP/1.1" 200 -
2024-05-20 18:51:30,452 - DEBUG - http://localhost:None "GET /v1.44/images/sha256:f79eb82504bddb8c45ebd43be0f1426b10e1d4ccdbcdc02e416cbcbbf9f77439/json HTTP/1.1" 200 None
2024-05-20 18:51:30,453 - INFO - 127.0.0.1 - - [20/May/2024 18:51:30] "GET /task/57e984e1-dbf8-4598-871d-29e1333ed810 HTTP/1.1" 200 -
2024-05-20 18:51:36,375 - DEBUG - Looking for auth config
2024-05-20 18:51:36,444 - DEBUG - Sending auth config ()
2024-05-20 18:51:36,453 - DEBUG - http://localhost:None "POST /v1.44/build?t=task_b3b9ae8b-7a88-47b0-bada-4b1ce9828957&q=False&nocache=False&rm=True&forcerm=False&pull=False&dockerfile=Dockerfile HTTP/1.1" 200 None
2024-05-20 18:51:36,473 - DEBUG - http://localhost:None "GET /v1.44/images/bbdddea67132/json HTTP/1.1" 200 None
2024-05-20 18:51:36,510 - DEBUG - http://localhost:None "POST /v1.44/containers/create HTTP/1.1" 201 None
2024-05-20 18:51:36,513 - DEBUG - http://localhost:None "GET /v1.44/containers/4eb8b9ce5d9ef0ce1fcb72b8da9e62b9b4bdd97c65cf86821cfbd4b3d102576a/json HTTP/1.1" 200 None
2024-05-20 18:51:36,838 - DEBUG - http://localhost:None "POST /v1.44/containers/4eb8b9ce5d9ef0ce1fcb72b8da9e62b9b4bdd97c65cf86821cfbd4b3d102576a/start HTTP/1.1" 204 0
2024-05-20 18:51:36,839 - INFO - 127.0.0.1 - - [20/May/2024 18:51:36] "POST /task/py HTTP/1.1" 200 -
2024-05-20 18:51:44,975 - DEBUG - http://localhost:None "GET /v1.44/images/sha256:bbdddea67132fce194db20f9e708e70c60c854bd065f9368625c38bddbaae29b/json HTTP/1.1" 200 None
2024-05-20 18:51:44,976 - INFO - 127.0.0.1 - - [20/May/2024 18:51:44] "GET /task/b3b9ae8b-7a88-47b0-bada-4b1ce9828957 HTTP/1.1" 200 -
2024-05-20 18:52:38,174 - INFO - 127.0.0.1 - - [20/May/2024 18:52:38] "[32mGET /task HTTP/1.1[0m" 308 -
2024-05-20 18:52:38,180 - INFO - 127.0.0.1 - - [20/May/2024 18:52:38] "GET /task/ HTTP/1.1" 200 -
2024-05-20 18:52:46,870 - INFO - 127.0.0.1 - - [20/May/2024 18:52:46] "[33mPUT /task/74bdf9fc-5d88-4b8f-8b73-a1068646cd2 HTTP/1.1[0m" 404 -
2024-05-20 18:52:53,216 - INFO - 127.0.0.1 - - [20/May/2024 18:52:53] "[32mGET /task HTTP/1.1[0m" 308 -
2024-05-20 18:52:53,225 - INFO - 127.0.0.1 - - [20/May/2024 18:52:53] "GET /task/ HTTP/1.1" 200 -
2024-05-20 18:53:02,171 - DEBUG - http://localhost:None "POST /v1.44/containers/9515c614ccc710b09f8e01b682a91e954223d7f5e5aa804fa67c761e04e27550/start HTTP/1.1" 204 0
2024-05-20 18:53:02,172 - INFO - 127.0.0.1 - - [20/May/2024 18:53:02] "PUT /task/74bdf9fc-5d88-4b8f-8b73-a1068646cd2b HTTP/1.1" 200 -
2024-05-20 18:53:15,500 - DEBUG - http://localhost:None "POST /v1.44/containers/2a9c77ec1d874d88365048232eb607451d815b4c1d8522fddb81b51df0e709a9/start HTTP/1.1" 204 0
2024-05-20 18:53:15,501 - INFO - 127.0.0.1 - - [20/May/2024 18:53:15] "PUT /task/207af32f-a7df-4359-a656-69a99c28aadf HTTP/1.1" 200 -
2024-05-20 18:53:26,650 - DEBUG - http://localhost:None "POST /v1.44/containers/766ecea2c0617592683e2eba28e37d3e580cbd19f9267f459d3784245abb8212/start HTTP/1.1" 204 0
2024-05-20 18:53:26,651 - INFO - 127.0.0.1 - - [20/May/2024 18:53:26] "PUT /task/57e984e1-dbf8-4598-871d-29e1333ed810 HTTP/1.1" 200 -
2024-05-20 18:53:40,714 - DEBUG - http://localhost:None "POST /v1.44/containers/4eb8b9ce5d9ef0ce1fcb72b8da9e62b9b4bdd97c65cf86821cfbd4b3d102576a/start HTTP/1.1" 204 0
2024-05-20 18:53:40,714 - INFO - 127.0.0.1 - - [20/May/2024 18:53:40] "PUT /task/b3b9ae8b-7a88-47b0-bada-4b1ce9828957 HTTP/1.1" 200 -
2024-05-20 18:55:30,770 - ERROR - Route not found: /74bdf9fc-5d88-4b8f-8b73-a1068646cd2b/schedule
2024-05-20 18:55:30,770 - ERROR - Route not found: /74bdf9fc-5d88-4b8f-8b73-a1068646cd2b/schedule
2024-05-20 18:55:30,770 - INFO - 127.0.0.1 - - [20/May/2024 18:55:30] "[33mPOST /74bdf9fc-5d88-4b8f-8b73-a1068646cd2b/schedule HTTP/1.1[0m" 404 -
2024-05-20 18:56:18,710 - INFO - Added job "start_container" to job store "default"
2024-05-20 18:56:18,710 - INFO - 127.0.0.1 - - [20/May/2024 18:56:18] "POST /task/74bdf9fc-5d88-4b8f-8b73-a1068646cd2b/schedule HTTP/1.1" 200 -
2024-05-20 18:56:18,711 - DEBUG - Looking for jobs to run
2024-05-20 18:56:18,711 - DEBUG - Next wakeup is due at 2024-05-20 18:57:00+01:00 (in 41.288280 seconds)
2024-05-20 18:57:00,013 - DEBUG - Looking for jobs to run
2024-05-20 18:57:00,015 - INFO - Running job "start_container (trigger: cron[month='*', day='*', day_of_week='*', hour='18', minute='57'], next run at: 2024-05-21 18:57:00 WAT)" (scheduled at 2024-05-20 18:57:00+01:00)
2024-05-20 18:57:00,017 - DEBUG - Next wakeup is due at 2024-05-21 18:57:00+01:00 (in 86399.983908 seconds)
2024-05-20 18:57:00,289 - DEBUG - http://localhost:None "POST /v1.44/containers/9515c614ccc710b09f8e01b682a91e954223d7f5e5aa804fa67c761e04e27550/start HTTP/1.1" 204 0
2024-05-20 18:57:00,290 - INFO - Job "start_container (trigger: cron[month='*', day='*', day_of_week='*', hour='18', minute='57'], next run at: 2024-05-21 18:57:00 WAT)" executed successfully
2024-05-20 18:57:31,031 - INFO - Added job "start_container" to job store "default"
2024-05-20 18:57:31,032 - INFO - 127.0.0.1 - - [20/May/2024 18:57:31] "POST /task/207af32f-a7df-4359-a656-69a99c28aadf/schedule HTTP/1.1" 200 -
2024-05-20 18:57:31,032 - DEBUG - Looking for jobs to run
2024-05-20 18:57:31,032 - DEBUG - Next wakeup is due at 2024-05-20 18:58:00+01:00 (in 28.967735 seconds)
2024-05-20 18:58:00,015 - DEBUG - Looking for jobs to run
2024-05-20 18:58:00,017 - DEBUG - Next wakeup is due at 2024-05-21 18:57:00+01:00 (in 86339.982321 seconds)
2024-05-20 18:58:00,017 - INFO - Running job "start_container (trigger: cron[month='*', day='*', day_of_week='*', hour='18', minute='58'], next run at: 2024-05-21 18:58:00 WAT)" (scheduled at 2024-05-20 18:58:00+01:00)
2024-05-20 18:58:00,278 - DEBUG - http://localhost:None "POST /v1.44/containers/2a9c77ec1d874d88365048232eb607451d815b4c1d8522fddb81b51df0e709a9/start HTTP/1.1" 204 0
2024-05-20 18:58:00,279 - INFO - Job "start_container (trigger: cron[month='*', day='*', day_of_week='*', hour='18', minute='58'], next run at: 2024-05-21 18:58:00 WAT)" executed successfully
2024-05-20 18:58:27,385 - INFO - Added job "start_container" to job store "default"
2024-05-20 18:58:27,385 - INFO - 127.0.0.1 - - [20/May/2024 18:58:27] "POST /task/57e984e1-dbf8-4598-871d-29e1333ed810/schedule HTTP/1.1" 200 -
2024-05-20 18:58:27,385 - DEBUG - Looking for jobs to run
2024-05-20 18:58:27,386 - DEBUG - Next wakeup is due at 2024-05-20 18:59:00+01:00 (in 32.613758 seconds)
2024-05-20 18:59:00,003 - DEBUG - Looking for jobs to run
2024-05-20 18:59:00,005 - DEBUG - Next wakeup is due at 2024-05-21 18:57:00+01:00 (in 86279.994994 seconds)
2024-05-20 18:59:00,005 - INFO - Running job "start_container (trigger: cron[month='*', day='*', day_of_week='*', hour='18', minute='59'], next run at: 2024-05-21 18:59:00 WAT)" (scheduled at 2024-05-20 18:59:00+01:00)
2024-05-20 18:59:00,251 - DEBUG - http://localhost:None "POST /v1.44/containers/766ecea2c0617592683e2eba28e37d3e580cbd19f9267f459d3784245abb8212/start HTTP/1.1" 204 0
2024-05-20 18:59:00,252 - INFO - Job "start_container (trigger: cron[month='*', day='*', day_of_week='*', hour='18', minute='59'], next run at: 2024-05-21 18:59:00 WAT)" executed successfully
2024-05-20 18:59:20,161 - DEBUG - http://localhost:None "POST /v1.44/containers/766ecea2c0617592683e2eba28e37d3e580cbd19f9267f459d3784245abb8212/stop HTTP/1.1" 304 0
2024-05-20 18:59:20,169 - DEBUG - http://localhost:None "DELETE /v1.44/containers/766ecea2c0617592683e2eba28e37d3e580cbd19f9267f459d3784245abb8212?v=False&link=False&force=False HTTP/1.1" 204 0
2024-05-20 18:59:20,170 - INFO - 127.0.0.1 - - [20/May/2024 18:59:20] "DELETE /task/57e984e1-dbf8-4598-871d-29e1333ed810 HTTP/1.1" 200 -
2024-05-20 18:59:25,478 - INFO - 127.0.0.1 - - [20/May/2024 18:59:25] "[32mGET /task HTTP/1.1[0m" 308 -
2024-05-20 18:59:25,482 - INFO - 127.0.0.1 - - [20/May/2024 18:59:25] "GET /task/ HTTP/1.1" 200 -
2024-05-20 18:59:33,988 - DEBUG - http://localhost:None "POST /v1.44/containers/9515c614ccc710b09f8e01b682a91e954223d7f5e5aa804fa67c761e04e27550/stop HTTP/1.1" 304 0
2024-05-20 18:59:33,998 - DEBUG - http://localhost:None "DELETE /v1.44/containers/9515c614ccc710b09f8e01b682a91e954223d7f5e5aa804fa67c761e04e27550?v=False&link=False&force=False HTTP/1.1" 204 0
2024-05-20 18:59:33,998 - INFO - 127.0.0.1 - - [20/May/2024 18:59:33] "DELETE /task/74bdf9fc-5d88-4b8f-8b73-a1068646cd2b HTTP/1.1" 200 -
2024-05-20 18:59:40,197 - INFO - 127.0.0.1 - - [20/May/2024 18:59:40] "[32mGET /task HTTP/1.1[0m" 308 -
2024-05-20 18:59:40,201 - INFO - 127.0.0.1 - - [20/May/2024 18:59:40] "GET /task/ HTTP/1.1" 200 -
2024-05-20 18:59:50,189 - DEBUG - http://localhost:None "POST /v1.44/containers/2a9c77ec1d874d88365048232eb607451d815b4c1d8522fddb81b51df0e709a9/stop HTTP/1.1" 304 0
2024-05-20 18:59:50,199 - DEBUG - http://localhost:None "DELETE /v1.44/containers/2a9c77ec1d874d88365048232eb607451d815b4c1d8522fddb81b51df0e709a9?v=False&link=False&force=False HTTP/1.1" 204 0
2024-05-20 18:59:50,200 - INFO - 127.0.0.1 - - [20/May/2024 18:59:50] "DELETE /task/207af32f-a7df-4359-a656-69a99c28aadf HTTP/1.1" 200 -
2024-05-20 19:00:01,283 - DEBUG - http://localhost:None "POST /v1.44/containers/4eb8b9ce5d9ef0ce1fcb72b8da9e62b9b4bdd97c65cf86821cfbd4b3d102576a/stop HTTP/1.1" 304 0
2024-05-20 19:00:01,292 - DEBUG - http://localhost:None "DELETE /v1.44/containers/4eb8b9ce5d9ef0ce1fcb72b8da9e62b9b4bdd97c65cf86821cfbd4b3d102576a?v=False&link=False&force=False HTTP/1.1" 204 0
2024-05-20 19:00:01,293 - INFO - 127.0.0.1 - - [20/May/2024 19:00:01] "DELETE /task/b3b9ae8b-7a88-47b0-bada-4b1ce9828957 HTTP/1.1" 200 -
2024-05-20 19:00:03,725 - INFO - 127.0.0.1 - - [20/May/2024 19:00:03] "[32mGET /task HTTP/1.1[0m" 308 -
2024-05-20 19:00:03,728 - INFO - 127.0.0.1 - - [20/May/2024 19:00:03] "GET /task/ HTTP/1.1" 200 -
